This is pdfTeX, Version 3.14159265-2.6-1.40.21 (MiKTeX 2.9.7380 64-bit) (preloaded format=pdflatex 2020.4.1)  3 DEC 2020 13:05
entering extended mode
**c:/Users/kxurs/Desktop/Документы/Latex/Gen_Phys_Lab/4.2/4.2.tex
(c:/Users/kxurs/Desktop/Документы/Latex/Gen_Phys_Lab/4.2/4.2.tex
LaTeX2e <2020-02-02> patch level 5
L3 programming layer <2020-03-06> (c:/Users\kxurs\Desktop\Документы\Latex\Gen_Phys_Lab\4.2\kiarticle.cls
Document Class: kiarticle 
("C:\Users\kxurs\AppData\Local\Programs\MiKTeX 2.9\tex/latex/base\article.cls"
Document Class: article 2019/12/20 v1.4l Standard LaTeX document class
("C:\Users\kxurs\AppData\Local\Programs\MiKTeX 2.9\tex/latex/base\size12.clo"
File: size12.clo 2019/12/20 v1.4l Standard LaTeX file (size option)
)
\c@part=\count167
\c@section=\count168
\c@subsection=\count169
\c@subsubsection=\count170
\c@paragraph=\count171
\c@subparagraph=\count172
\c@figure=\count173
\c@table=\count174
\abovecaptionskip=\skip47
\belowcaptionskip=\skip48
\bibindent=\dimen134
) ("C:\Users\kxurs\AppData\Local\Programs\MiKTeX 2.9\tex/latex/t2\mathtext.sty"
Package: mathtext 2018/04/13 v1.1 transparent text-and-math defs
LaTeX Info: Redefining \halign on input line 119.
) ("C:\Users\kxurs\AppData\Local\Programs\MiKTeX 2.9\tex/latex/mathtools\mathtools.sty"
Package: mathtools 2020/03/24 v1.24 mathematical typesetting tools
 ("C:\Users\kxurs\AppData\Local\Programs\MiKTeX 2.9\tex/latex/graphics\keyval.sty"
Package: keyval 2014/10/28 v1.15 key=value parser (DPC)
\KV@toks@=\toks15
) ("C:\Users\kxurs\AppData\Local\Programs\MiKTeX 2.9\tex/latex/tools\calc.sty"
Package: calc 2017/05/25 v4.3 Infix arithmetic (KKT,FJ)
\calc@Acount=\count175
\calc@Bcount=\count176
\calc@Adimen=\dimen135
\calc@Bdimen=\dimen136
\calc@Askip=\skip49
\calc@Bskip=\skip50
LaTeX Info: Redefining \setlength on input line 80.
LaTeX Info: Redefining \addtolength on input line 81.
\calc@Ccount=\count177
\calc@Cskip=\skip51
) ("C:\Users\kxurs\AppData\Local\Programs\MiKTeX 2.9\tex/latex/mathtools\mhsetup.sty"
Package: mhsetup 2017/03/31 v1.3 programming setup (MH)
) ("C:\Users\kxurs\AppData\Local\Programs\MiKTeX 2.9\tex/latex/amsmath\amsmath.sty"
Package: amsmath 2020/01/20 v2.17e AMS math features
\@mathmargin=\skip52

For additional information on amsmath, use the `?' option.
("C:\Users\kxurs\AppData\Local\Programs\MiKTeX 2.9\tex/latex/amsmath\amstext.sty"
Package: amstext 2000/06/29 v2.01 AMS text
 ("C:\Users\kxurs\AppData\Local\Programs\MiKTeX 2.9\tex/latex/amsmath\amsgen.sty"
File: amsgen.sty 1999/11/30 v2.0 generic functions
\@emptytoks=\toks16
\ex@=\dimen137
)) ("C:\Users\kxurs\AppData\Local\Programs\MiKTeX 2.9\tex/latex/amsmath\amsbsy.sty"
Package: amsbsy 1999/11/29 v1.2d Bold Symbols
\pmbraise@=\dimen138
) ("C:\Users\kxurs\AppData\Local\Programs\MiKTeX 2.9\tex/latex/amsmath\amsopn.sty"
Package: amsopn 2016/03/08 v2.02 operator names
)
\inf@bad=\count178
LaTeX Info: Redefining \frac on input line 227.
\uproot@=\count179
\leftroot@=\count180
LaTeX Info: Redefining \overline on input line 389.
\classnum@=\count181
\DOTSCASE@=\count182
LaTeX Info: Redefining \ldots on input line 486.
LaTeX Info: Redefining \dots on input line 489.
LaTeX Info: Redefining \cdots on input line 610.
\Mathstrutbox@=\box45
\strutbox@=\box46
\big@size=\dimen139
LaTeX Font Info:    Redeclaring font encoding OML on input line 733.
\symOMLletters=\mathgroup4
LaTeX Font Info:    Redeclaring font encoding OMS on input line 734.
\symOMSletters=\mathgroup5
\macc@depth=\count183
\c@MaxMatrixCols=\count184
\dotsspace@=\muskip16
\c@parentequation=\count185
\dspbrk@lvl=\count186
\tag@help=\toks17
\row@=\count187
\column@=\count188
\maxfields@=\count189
\andhelp@=\toks18
\eqnshift@=\dimen140
\alignsep@=\dimen141
\tagshift@=\dimen142
\tagwidth@=\dimen143
\totwidth@=\dimen144
\lineht@=\dimen145
\@envbody=\toks19
\multlinegap=\skip53
\multlinetaggap=\skip54
\mathdisplay@stack=\toks20
LaTeX Info: Redefining \[ on input line 2859.
LaTeX Info: Redefining \] on input line 2860.
)
LaTeX Info: Thecontrolsequence`\('isalreadyrobust on input line 130.
LaTeX Info: Thecontrolsequence`\)'isalreadyrobust on input line 130.
LaTeX Info: Thecontrolsequence`\['isalreadyrobust on input line 130.
LaTeX Info: Thecontrolsequence`\]'isalreadyrobust on input line 130.
\g_MT_multlinerow_int=\count190
\l_MT_multwidth_dim=\dimen146
\origjot=\skip55
\l_MT_shortvdotswithinadjustabove_dim=\dimen147
\l_MT_shortvdotswithinadjustbelow_dim=\dimen148
\l_MT_above_intertext_sep=\dimen149
\l_MT_below_intertext_sep=\dimen150
\l_MT_above_shortintertext_sep=\dimen151
\l_MT_below_shortintertext_sep=\dimen152
\xmathstrut@box=\box47
\xmathstrut@dim=\dimen153
) ("C:\Users\kxurs\AppData\Local\Programs\MiKTeX 2.9\tex/latex/amsfonts\amsfonts.sty"
Package: amsfonts 2013/01/14 v3.01 Basic AMSFonts support
\symAMSa=\mathgroup6
\symAMSb=\mathgroup7
LaTeX Font Info:    Redeclaring math symbol \hbar on input line 98.
LaTeX Font Info:    Overwriting math alphabet `\mathfrak' in version `bold'
(Font)                  U/euf/m/n --> U/euf/b/n on input line 106.
) ("C:\Users\kxurs\AppData\Local\Programs\MiKTeX 2.9\tex/latex/amsfonts\amssymb.sty"
Package: amssymb 2013/01/14 v3.01 AMS font symbols
) ("C:\Users\kxurs\AppData\Local\Programs\MiKTeX 2.9\tex/latex/onlyamsmath\onlyamsmath.sty"
Package: onlyamsmath 2016/12/18 v0.20 Destroy the standard math environments
) ("C:\Users\kxurs\AppData\Local\Programs\MiKTeX 2.9\tex/latex/cancel\cancel.sty"
Package: cancel 2013/04/12 v2.2 Cancel math terms
) ("C:\Users\kxurs\AppData\Local\Programs\MiKTeX 2.9\tex/latex/was\icomma.sty"
Package: icomma 2002/03/10 v2.0 (WaS)
) ("C:\Users\kxurs\AppData\Local\Programs\MiKTeX 2.9\tex/latex/jknappen\mathrsfs.sty"
Package: mathrsfs 1996/01/01 Math RSFS package v1.0 (jk)
\symrsfs=\mathgroup8
) ("C:\Users\kxurs\AppData\Local\Programs\MiKTeX 2.9\tex/latex/bigints\bigints.sty"
Package: bigints 2010/02/15 Writing big integrals
Package bigints Info: This is Bigints by Merciadri Luca. on input line 5.
) ("C:\Users\kxurs\AppData\Local\Programs\MiKTeX 2.9\tex/latex/tools\indentfirst.sty"
Package: indentfirst 1995/11/23 v1.03 Indent first paragraph (DPC)
) (c:/Users\kxurs\Desktop\Документы\Latex\Gen_Phys_Lab\4.2\udef.sty
Package: udef 
) (c:/Users\kxurs\Desktop\Документы\Latex\Gen_Phys_Lab\4.2\iunits.sty
Package: iunits 
) ("C:\Users\kxurs\AppData\Local\Programs\MiKTeX 2.9\tex/latex/base\fontenc.sty"
Package: fontenc 2020/02/11 v2.0o Standard LaTeX package
 ("C:\Users\kxurs\AppData\Local\Programs\MiKTeX 2.9\tex/latex/cyrillic\t2aenc.def"
File: t2aenc.def 2005/09/27 v1.0i Cyrillic encoding definition file
Now handling font encoding T2A ...
... processing UTF-8 mapping file for font encoding T2A
 ("C:\Users\kxurs\AppData\Local\Programs\MiKTeX 2.9\tex/latex/base\t2aenc.dfu"
File: t2aenc.dfu 2019/11/14 v1.2k UTF-8 support for inputenc
   defining Unicode char U+00A4 (decimal 164)
   defining Unicode char U+00A7 (decimal 167)
   defining Unicode char U+00AB (decimal 171)
   defining Unicode char U+00BB (decimal 187)
   defining Unicode char U+0131 (decimal 305)
   defining Unicode char U+0237 (decimal 567)
   defining Unicode char U+0400 (decimal 1024)
   defining Unicode char U+0401 (decimal 1025)
   defining Unicode char U+0402 (decimal 1026)
   defining Unicode char U+0403 (decimal 1027)
   defining Unicode char U+0404 (decimal 1028)
   defining Unicode char U+0405 (decimal 1029)
   defining Unicode char U+0406 (decimal 1030)
   defining Unicode char U+0407 (decimal 1031)
   defining Unicode char U+0408 (decimal 1032)
   defining Unicode char U+0409 (decimal 1033)
   defining Unicode char U+040A (decimal 1034)
   defining Unicode char U+040B (decimal 1035)
   defining Unicode char U+040C (decimal 1036)
   defining Unicode char U+040D (decimal 1037)
   defining Unicode char U+040E (decimal 1038)
   defining Unicode char U+040F (decimal 1039)
   defining Unicode char U+0410 (decimal 1040)
   defining Unicode char U+0411 (decimal 1041)
   defining Unicode char U+0412 (decimal 1042)
   defining Unicode char U+0413 (decimal 1043)
   defining Unicode char U+0414 (decimal 1044)
   defining Unicode char U+0415 (decimal 1045)
   defining Unicode char U+0416 (decimal 1046)
   defining Unicode char U+0417 (decimal 1047)
   defining Unicode char U+0418 (decimal 1048)
   defining Unicode char U+0419 (decimal 1049)
   defining Unicode char U+041A (decimal 1050)
   defining Unicode char U+041B (decimal 1051)
   defining Unicode char U+041C (decimal 1052)
   defining Unicode char U+041D (decimal 1053)
   defining Unicode char U+041E (decimal 1054)
   defining Unicode char U+041F (decimal 1055)
   defining Unicode char U+0420 (decimal 1056)
   defining Unicode char U+0421 (decimal 1057)
   defining Unicode char U+0422 (decimal 1058)
   defining Unicode char U+0423 (decimal 1059)
   defining Unicode char U+0424 (decimal 1060)
   defining Unicode char U+0425 (decimal 1061)
   defining Unicode char U+0426 (decimal 1062)
   defining Unicode char U+0427 (decimal 1063)
   defining Unicode char U+0428 (decimal 1064)
   defining Unicode char U+0429 (decimal 1065)
   defining Unicode char U+042A (decimal 1066)
   defining Unicode char U+042B (decimal 1067)
   defining Unicode char U+042C (decimal 1068)
   defining Unicode char U+042D (decimal 1069)
   defining Unicode char U+042E (decimal 1070)
   defining Unicode char U+042F (decimal 1071)
   defining Unicode char U+0430 (decimal 1072)
   defining Unicode char U+0431 (decimal 1073)
   defining Unicode char U+0432 (decimal 1074)
   defining Unicode char U+0433 (decimal 1075)
   defining Unicode char U+0434 (decimal 1076)
   defining Unicode char U+0435 (decimal 1077)
   defining Unicode char U+0436 (decimal 1078)
   defining Unicode char U+0437 (decimal 1079)
   defining Unicode char U+0438 (decimal 1080)
   defining Unicode char U+0439 (decimal 1081)
   defining Unicode char U+043A (decimal 1082)
   defining Unicode char U+043B (decimal 1083)
   defining Unicode char U+043C (decimal 1084)
   defining Unicode char U+043D (decimal 1085)
   defining Unicode char U+043E (decimal 1086)
   defining Unicode char U+043F (decimal 1087)
   defining Unicode char U+0440 (decimal 1088)
   defining Unicode char U+0441 (decimal 1089)
   defining Unicode char U+0442 (decimal 1090)
   defining Unicode char U+0443 (decimal 1091)
   defining Unicode char U+0444 (decimal 1092)
   defining Unicode char U+0445 (decimal 1093)
   defining Unicode char U+0446 (decimal 1094)
   defining Unicode char U+0447 (decimal 1095)
   defining Unicode char U+0448 (decimal 1096)
   defining Unicode char U+0449 (decimal 1097)
   defining Unicode char U+044A (decimal 1098)
   defining Unicode char U+044B (decimal 1099)
   defining Unicode char U+044C (decimal 1100)
   defining Unicode char U+044D (decimal 1101)
   defining Unicode char U+044E (decimal 1102)
   defining Unicode char U+044F (decimal 1103)
   defining Unicode char U+0450 (decimal 1104)
   defining Unicode char U+0451 (decimal 1105)
   defining Unicode char U+0452 (decimal 1106)
   defining Unicode char U+0453 (decimal 1107)
   defining Unicode char U+0454 (decimal 1108)
   defining Unicode char U+0455 (decimal 1109)
   defining Unicode char U+0456 (decimal 1110)
   defining Unicode char U+0457 (decimal 1111)
   defining Unicode char U+0458 (decimal 1112)
   defining Unicode char U+0459 (decimal 1113)
   defining Unicode char U+045A (decimal 1114)
   defining Unicode char U+045B (decimal 1115)
   defining Unicode char U+045C (decimal 1116)
   defining Unicode char U+045D (decimal 1117)
   defining Unicode char U+045E (decimal 1118)
   defining Unicode char U+045F (decimal 1119)
   defining Unicode char U+0490 (decimal 1168)
   defining Unicode char U+0491 (decimal 1169)
   defining Unicode char U+0492 (decimal 1170)
   defining Unicode char U+0493 (decimal 1171)
   defining Unicode char U+0496 (decimal 1174)
   defining Unicode char U+0497 (decimal 1175)
   defining Unicode char U+0498 (decimal 1176)
   defining Unicode char U+0499 (decimal 1177)
   defining Unicode char U+049A (decimal 1178)
   defining Unicode char U+049B (decimal 1179)
   defining Unicode char U+049C (decimal 1180)
   defining Unicode char U+049D (decimal 1181)
   defining Unicode char U+04A0 (decimal 1184)
   defining Unicode char U+04A1 (decimal 1185)
   defining Unicode char U+04A2 (decimal 1186)
   defining Unicode char U+04A3 (decimal 1187)
   defining Unicode char U+04A4 (decimal 1188)
   defining Unicode char U+04A5 (decimal 1189)
   defining Unicode char U+04AA (decimal 1194)
   defining Unicode char U+04AB (decimal 1195)
   defining Unicode char U+04AE (decimal 1198)
   defining Unicode char U+04AF (decimal 1199)
   defining Unicode char U+04B0 (decimal 1200)
   defining Unicode char U+04B1 (decimal 1201)
   defining Unicode char U+04B2 (decimal 1202)
   defining Unicode char U+04B3 (decimal 1203)
   defining Unicode char U+04B6 (decimal 1206)
   defining Unicode char U+04B7 (decimal 1207)
   defining Unicode char U+04B8 (decimal 1208)
   defining Unicode char U+04B9 (decimal 1209)
   defining Unicode char U+04BA (decimal 1210)
   defining Unicode char U+04BB (decimal 1211)
   defining Unicode char U+04C0 (decimal 1216)
   defining Unicode char U+04C1 (decimal 1217)
   defining Unicode char U+04C2 (decimal 1218)
   defining Unicode char U+04D0 (decimal 1232)
   defining Unicode char U+04D1 (decimal 1233)
   defining Unicode char U+04D2 (decimal 1234)
   defining Unicode char U+04D3 (decimal 1235)
   defining Unicode char U+04D4 (decimal 1236)
   defining Unicode char U+04D5 (decimal 1237)
   defining Unicode char U+04D6 (decimal 1238)
   defining Unicode char U+04D7 (decimal 1239)
   defining Unicode char U+04D8 (decimal 1240)
   defining Unicode char U+04D9 (decimal 1241)
   defining Unicode char U+04DA (decimal 1242)
   defining Unicode char U+04DB (decimal 1243)
   defining Unicode char U+04DC (decimal 1244)
   defining Unicode char U+04DD (decimal 1245)
   defining Unicode char U+04DE (decimal 1246)
   defining Unicode char U+04DF (decimal 1247)
   defining Unicode char U+04E2 (decimal 1250)
   defining Unicode char U+04E3 (decimal 1251)
   defining Unicode char U+04E4 (decimal 1252)
   defining Unicode char U+04E5 (decimal 1253)
   defining Unicode char U+04E6 (decimal 1254)
   defining Unicode char U+04E7 (decimal 1255)
   defining Unicode char U+04E8 (decimal 1256)
   defining Unicode char U+04E9 (decimal 1257)
   defining Unicode char U+04EC (decimal 1260)
   defining Unicode char U+04ED (decimal 1261)
   defining Unicode char U+04EE (decimal 1262)
   defining Unicode char U+04EF (decimal 1263)
   defining Unicode char U+04F0 (decimal 1264)
   defining Unicode char U+04F1 (decimal 1265)
   defining Unicode char U+04F2 (decimal 1266)
   defining Unicode char U+04F3 (decimal 1267)
   defining Unicode char U+04F4 (decimal 1268)
   defining Unicode char U+04F5 (decimal 1269)
   defining Unicode char U+04F8 (decimal 1272)
   defining Unicode char U+04F9 (decimal 1273)
   defining Unicode char U+200C (decimal 8204)
   defining Unicode char U+2013 (decimal 8211)
   defining Unicode char U+2014 (decimal 8212)
   defining Unicode char U+2018 (decimal 8216)
   defining Unicode char U+2019 (decimal 8217)
   defining Unicode char U+201C (decimal 8220)
   defining Unicode char U+201D (decimal 8221)
   defining Unicode char U+201E (decimal 8222)
   defining Unicode char U+2030 (decimal 8240)
   defining Unicode char U+2031 (decimal 8241)
   defining Unicode char U+2116 (decimal 8470)
   defining Unicode char U+2329 (decimal 9001)
   defining Unicode char U+232A (decimal 9002)
   defining Unicode char U+2423 (decimal 9251)
   defining Unicode char U+27E8 (decimal 10216)
   defining Unicode char U+27E9 (decimal 10217)
   defining Unicode char U+FB00 (decimal 64256)
   defining Unicode char U+FB01 (decimal 64257)
   defining Unicode char U+FB02 (decimal 64258)
   defining Unicode char U+FB03 (decimal 64259)
   defining Unicode char U+FB04 (decimal 64260)
   defining Unicode char U+FB05 (decimal 64261)
   defining Unicode char U+FB06 (decimal 64262)
)
\symT2Aletters=\mathgroup9
)) ("C:\Users\kxurs\AppData\Local\Programs\MiKTeX 2.9\tex/latex/base\inputenc.sty"
Package: inputenc 2018/08/11 v1.3c Input encoding file
\inpenc@prehook=\toks21
\inpenc@posthook=\toks22
) ("C:\Users\kxurs\AppData\Local\Programs\MiKTeX 2.9\tex/generic/babel\babel.sty"
Package: babel 2020/03/22 3.42 The Babel package
 ("C:\Users\kxurs\AppData\Local\Programs\MiKTeX 2.9\tex/generic/babel\switch.def"
File: switch.def 2020/03/22 3.42 Babel switching mechanism
)
*************************************
* Local config file bblopts.cfg used
*
("C:\Users\kxurs\AppData\Local\Programs\MiKTeX 2.9\tex/latex/arabi\bblopts.cfg"
File: bblopts.cfg 2005/09/08 v0.1 add Arabic and Farsi to "declared" options of babel
) ("C:\Users\kxurs\AppData\Local\Programs\MiKTeX 2.9\tex/latex/babel-english\english.ldf"
Language: english 2017/06/06 v3.3r English support from the babel system
 ("C:\Users\kxurs\AppData\Local\Programs\MiKTeX 2.9\tex/generic/babel\babel.def"
File: babel.def 2020/03/22 3.42 Babel common definitions
\babel@savecnt=\count191
\U@D=\dimen154
 ("C:\Users\kxurs\AppData\Local\Programs\MiKTeX 2.9\tex/generic/babel\txtbabel.def")
\bbl@readstream=\read2
\bbl@dirlevel=\count192
)
Package babel Info: \l@canadian = using hyphenrules for english
(babel)             (\language0) on input line 102.
Package babel Info: \l@australian = using hyphenrules for ukenglish
(babel)             (\language72) on input line 105.
Package babel Info: \l@newzealand = using hyphenrules for ukenglish
(babel)             (\language72) on input line 108.
) ("C:\Users\kxurs\AppData\Local\Programs\MiKTeX 2.9\tex/latex/babel-russian\russianb.ldf"
Language: russian 2017/08/12 1.3j Russian support for the Babel system
Package babel Info: Making " an active character on input line 120.
Package babel Info: Default for \cyrdash is provided on input line 157.
)) ("C:\Users\kxurs\AppData\Local\Programs\MiKTeX 2.9\tex/latex/geometry\geometry.sty"
Package: geometry 2020/01/02 v5.9 Page Geometry
 ("C:\Users\kxurs\AppData\Local\Programs\MiKTeX 2.9\tex/generic/iftex\ifvtex.sty"
Package: ifvtex 2019/10/25 v1.7 ifvtex legacy package. Use iftex instead.
 ("C:\Users\kxurs\AppData\Local\Programs\MiKTeX 2.9\tex/generic/iftex\iftex.sty"
Package: iftex 2020/03/06 v1.0d TeX engine tests
))
\Gm@cnth=\count193
\Gm@cntv=\count194
\c@Gm@tempcnt=\count195
\Gm@bindingoffset=\dimen155
\Gm@wd@mp=\dimen156
\Gm@odd@mp=\dimen157
\Gm@even@mp=\dimen158
\Gm@layoutwidth=\dimen159
\Gm@layoutheight=\dimen160
\Gm@layouthoffset=\dimen161
\Gm@layoutvoffset=\dimen162
\Gm@dimlist=\toks23
 ("C:\Users\kxurs\AppData\Local\Programs\MiKTeX 2.9\tex/latex/geometry\geometry.cfg")) ("C:\Users\kxurs\AppData\Local\Programs\MiKTeX 2.9\tex/latex/graphics\graphicx.sty"
Package: graphicx 2019/11/30 v1.2a Enhanced LaTeX Graphics (DPC,SPQR)
 ("C:\Users\kxurs\AppData\Local\Programs\MiKTeX 2.9\tex/latex/graphics\graphics.sty"
Package: graphics 2019/11/30 v1.4a Standard LaTeX Graphics (DPC,SPQR)
 ("C:\Users\kxurs\AppData\Local\Programs\MiKTeX 2.9\tex/latex/graphics\trig.sty"
Package: trig 2016/01/03 v1.10 sin cos tan (DPC)
) ("C:\Users\kxurs\AppData\Local\Programs\MiKTeX 2.9\tex/latex/graphics-cfg\graphics.cfg"
File: graphics.cfg 2016/06/04 v1.11 sample graphics configuration
)
Package graphics Info: Driver file: pdftex.def on input line 105.
 ("C:\Users\kxurs\AppData\Local\Programs\MiKTeX 2.9\tex/latex/graphics-def\pdftex.def"
File: pdftex.def 2018/01/08 v1.0l Graphics/color driver for pdftex
))
\Gin@req@height=\dimen163
\Gin@req@width=\dimen164
) ("C:\Users\kxurs\AppData\Local\Programs\MiKTeX 2.9\tex/latex/float\float.sty"
Package: float 2001/11/08 v1.3d Float enhancements (AL)
\c@float@type=\count196
\float@exts=\toks24
\float@box=\box48
\@float@everytoks=\toks25
\@floatcapt=\box49
) ("C:\Users\kxurs\AppData\Local\Programs\MiKTeX 2.9\tex/latex/wrapfig\wrapfig.sty"
\wrapoverhang=\dimen165
\WF@size=\dimen166
\c@WF@wrappedlines=\count197
\WF@box=\box50
\WF@everypar=\toks26
Package: wrapfig 2003/01/31  v 3.6
) ("C:\Users\kxurs\AppData\Local\Programs\MiKTeX 2.9\tex/latex/graphics\color.sty"
Package: color 2019/11/23 v1.2a Standard LaTeX Color (DPC)
 ("C:\Users\kxurs\AppData\Local\Programs\MiKTeX 2.9\tex/latex/graphics-cfg\color.cfg"
File: color.cfg 2016/01/02 v1.6 sample color configuration
)
Package color Info: Driver file: pdftex.def on input line 147.
) ("C:\Users\kxurs\AppData\Local\Programs\MiKTeX 2.9\tex/latex/pgf/frontendlayer\tikz.sty" ("C:\Users\kxurs\AppData\Local\Programs\MiKTeX 2.9\tex/latex/pgf/basiclayer\pgf.sty" ("C:\Users\kxurs\AppData\Local\Programs\MiKTeX 2.9\tex/latex/pgf/utilities\pgfrcs.sty" ("C:\Users\kxurs\AppData\Local\Programs\MiKTeX 2.9\tex/generic/pgf/utilities\pgfutil-common.tex"
\pgfutil@everybye=\toks27
\pgfutil@tempdima=\dimen167
\pgfutil@tempdimb=\dimen168
 ("C:\Users\kxurs\AppData\Local\Programs\MiKTeX 2.9\tex/generic/pgf/utilities\pgfutil-common-lists.tex")) ("C:\Users\kxurs\AppData\Local\Programs\MiKTeX 2.9\tex/generic/pgf/utilities\pgfutil-latex.def"
\pgfutil@abb=\box51
 ("C:\Users\kxurs\AppData\Local\Programs\MiKTeX 2.9\tex/latex/ms\everyshi.sty"
Package: everyshi 2001/05/15 v3.00 EveryShipout Package (MS)
)) ("C:\Users\kxurs\AppData\Local\Programs\MiKTeX 2.9\tex/generic/pgf/utilities\pgfrcs.code.tex" ("C:\Users\kxurs\AppData\Local\Programs\MiKTeX 2.9\tex/generic/pgf\pgf.revision.tex")
Package: pgfrcs 2020/01/08 v3.1.5b (3.1.5b)
))
Package: pgf 2020/01/08 v3.1.5b (3.1.5b)
 ("C:\Users\kxurs\AppData\Local\Programs\MiKTeX 2.9\tex/latex/pgf/basiclayer\pgfcore.sty" ("C:\Users\kxurs\AppData\Local\Programs\MiKTeX 2.9\tex/latex/pgf/systemlayer\pgfsys.sty" ("C:\Users\kxurs\AppData\Local\Programs\MiKTeX 2.9\tex/generic/pgf/systemlayer\pgfsys.code.tex"
Package: pgfsys 2020/01/08 v3.1.5b (3.1.5b)
 ("C:\Users\kxurs\AppData\Local\Programs\MiKTeX 2.9\tex/generic/pgf/utilities\pgfkeys.code.tex"
\pgfkeys@pathtoks=\toks28
\pgfkeys@temptoks=\toks29
 ("C:\Users\kxurs\AppData\Local\Programs\MiKTeX 2.9\tex/generic/pgf/utilities\pgfkeysfiltered.code.tex"
\pgfkeys@tmptoks=\toks30
))
\pgf@x=\dimen169
\pgf@y=\dimen170
\pgf@xa=\dimen171
\pgf@ya=\dimen172
\pgf@xb=\dimen173
\pgf@yb=\dimen174
\pgf@xc=\dimen175
\pgf@yc=\dimen176
\pgf@xd=\dimen177
\pgf@yd=\dimen178
\w@pgf@writea=\write3
\r@pgf@reada=\read3
\c@pgf@counta=\count198
\c@pgf@countb=\count199
\c@pgf@countc=\count266
\c@pgf@countd=\count267
\t@pgf@toka=\toks31
\t@pgf@tokb=\toks32
\t@pgf@tokc=\toks33
\pgf@sys@id@count=\count268
 ("C:\Users\kxurs\AppData\Local\Programs\MiKTeX 2.9\tex/generic/pgf/systemlayer\pgf.cfg"
File: pgf.cfg 2020/01/08 v3.1.5b (3.1.5b)
)
Driver file for pgf: pgfsys-pdftex.def
 ("C:\Users\kxurs\AppData\Local\Programs\MiKTeX 2.9\tex/generic/pgf/systemlayer\pgfsys-pdftex.def"
File: pgfsys-pdftex.def 2020/01/08 v3.1.5b (3.1.5b)
 ("C:\Users\kxurs\AppData\Local\Programs\MiKTeX 2.9\tex/generic/pgf/systemlayer\pgfsys-common-pdf.def"
File: pgfsys-common-pdf.def 2020/01/08 v3.1.5b (3.1.5b)
))) ("C:\Users\kxurs\AppData\Local\Programs\MiKTeX 2.9\tex/generic/pgf/systemlayer\pgfsyssoftpath.code.tex"
File: pgfsyssoftpath.code.tex 2020/01/08 v3.1.5b (3.1.5b)
\pgfsyssoftpath@smallbuffer@items=\count269
\pgfsyssoftpath@bigbuffer@items=\count270
) ("C:\Users\kxurs\AppData\Local\Programs\MiKTeX 2.9\tex/generic/pgf/systemlayer\pgfsysprotocol.code.tex"
File: pgfsysprotocol.code.tex 2020/01/08 v3.1.5b (3.1.5b)
)) ("C:\Users\kxurs\AppData\Local\Programs\MiKTeX 2.9\tex/latex/xcolor\xcolor.sty"
Package: xcolor 2016/05/11 v2.12 LaTeX color extensions (UK)
 ("C:\Users\kxurs\AppData\Local\Programs\MiKTeX 2.9\tex/latex/graphics-cfg\color.cfg"
File: color.cfg 2016/01/02 v1.6 sample color configuration
)
Package xcolor Info: Driver file: pdftex.def on input line 225.
LaTeX Info: Redefining \color on input line 709.
Package xcolor Info: Model `cmy' substituted by `cmy0' on input line 1348.
Package xcolor Info: Model `hsb' substituted by `rgb' on input line 1352.
Package xcolor Info: Model `RGB' extended on input line 1364.
Package xcolor Info: Model `HTML' substituted by `rgb' on input line 1366.
Package xcolor Info: Model `Hsb' substituted by `hsb' on input line 1367.
Package xcolor Info: Model `tHsb' substituted by `hsb' on input line 1368.
Package xcolor Info: Model `HSB' substituted by `hsb' on input line 1369.
Package xcolor Info: Model `Gray' substituted by `gray' on input line 1370.
Package xcolor Info: Model `wave' substituted by `hsb' on input line 1371.
) ("C:\Users\kxurs\AppData\Local\Programs\MiKTeX 2.9\tex/generic/pgf/basiclayer\pgfcore.code.tex"
Package: pgfcore 2020/01/08 v3.1.5b (3.1.5b)
 ("C:\Users\kxurs\AppData\Local\Programs\MiKTeX 2.9\tex/generic/pgf/math\pgfmath.code.tex" ("C:\Users\kxurs\AppData\Local\Programs\MiKTeX 2.9\tex/generic/pgf/math\pgfmathcalc.code.tex" ("C:\Users\kxurs\AppData\Local\Programs\MiKTeX 2.9\tex/generic/pgf/math\pgfmathutil.code.tex") ("C:\Users\kxurs\AppData\Local\Programs\MiKTeX 2.9\tex/generic/pgf/math\pgfmathparser.code.tex"
\pgfmath@dimen=\dimen179
\pgfmath@count=\count271
\pgfmath@box=\box52
\pgfmath@toks=\toks34
\pgfmath@stack@operand=\toks35
\pgfmath@stack@operation=\toks36
) ("C:\Users\kxurs\AppData\Local\Programs\MiKTeX 2.9\tex/generic/pgf/math\pgfmathfunctions.code.tex" ("C:\Users\kxurs\AppData\Local\Programs\MiKTeX 2.9\tex/generic/pgf/math\pgfmathfunctions.basic.code.tex") ("C:\Users\kxurs\AppData\Local\Programs\MiKTeX 2.9\tex/generic/pgf/math\pgfmathfunctions.trigonometric.code.tex") ("C:\Users\kxurs\AppData\Local\Programs\MiKTeX 2.9\tex/generic/pgf/math\pgfmathfunctions.random.code.tex") ("C:\Users\kxurs\AppData\Local\Programs\MiKTeX 2.9\tex/generic/pgf/math\pgfmathfunctions.comparison.code.tex") ("C:\Users\kxurs\AppData\Local\Programs\MiKTeX 2.9\tex/generic/pgf/math\pgfmathfunctions.base.code.tex") ("C:\Users\kxurs\AppData\Local\Programs\MiKTeX 2.9\tex/generic/pgf/math\pgfmathfunctions.round.code.tex") ("C:\Users\kxurs\AppData\Local\Programs\MiKTeX 2.9\tex/generic/pgf/math\pgfmathfunctions.misc.code.tex") ("C:\Users\kxurs\AppData\Local\Programs\MiKTeX 2.9\tex/generic/pgf/math\pgfmathfunctions.integerarithmetics.code.tex"))) ("C:\Users\kxurs\AppData\Local\Programs\MiKTeX 2.9\tex/generic/pgf/math\pgfmathfloat.code.tex"
\c@pgfmathroundto@lastzeros=\count272
)) ("C:\Users\kxurs\AppData\Local\Programs\MiKTeX 2.9\tex/generic/pgf/math\pgfint.code.tex") ("C:\Users\kxurs\AppData\Local\Programs\MiKTeX 2.9\tex/generic/pgf/basiclayer\pgfcorepoints.code.tex"
File: pgfcorepoints.code.tex 2020/01/08 v3.1.5b (3.1.5b)
\pgf@picminx=\dimen180
\pgf@picmaxx=\dimen181
\pgf@picminy=\dimen182
\pgf@picmaxy=\dimen183
\pgf@pathminx=\dimen184
\pgf@pathmaxx=\dimen185
\pgf@pathminy=\dimen186
\pgf@pathmaxy=\dimen187
\pgf@xx=\dimen188
\pgf@xy=\dimen189
\pgf@yx=\dimen190
\pgf@yy=\dimen191
\pgf@zx=\dimen192
\pgf@zy=\dimen193
) ("C:\Users\kxurs\AppData\Local\Programs\MiKTeX 2.9\tex/generic/pgf/basiclayer\pgfcorepathconstruct.code.tex"
File: pgfcorepathconstruct.code.tex 2020/01/08 v3.1.5b (3.1.5b)
\pgf@path@lastx=\dimen194
\pgf@path@lasty=\dimen195
) ("C:\Users\kxurs\AppData\Local\Programs\MiKTeX 2.9\tex/generic/pgf/basiclayer\pgfcorepathusage.code.tex"
File: pgfcorepathusage.code.tex 2020/01/08 v3.1.5b (3.1.5b)
\pgf@shorten@end@additional=\dimen196
\pgf@shorten@start@additional=\dimen197
) ("C:\Users\kxurs\AppData\Local\Programs\MiKTeX 2.9\tex/generic/pgf/basiclayer\pgfcorescopes.code.tex"
File: pgfcorescopes.code.tex 2020/01/08 v3.1.5b (3.1.5b)
\pgfpic=\box53
\pgf@hbox=\box54
\pgf@layerbox@main=\box55
\pgf@picture@serial@count=\count273
) ("C:\Users\kxurs\AppData\Local\Programs\MiKTeX 2.9\tex/generic/pgf/basiclayer\pgfcoregraphicstate.code.tex"
File: pgfcoregraphicstate.code.tex 2020/01/08 v3.1.5b (3.1.5b)
\pgflinewidth=\dimen198
) ("C:\Users\kxurs\AppData\Local\Programs\MiKTeX 2.9\tex/generic/pgf/basiclayer\pgfcoretransformations.code.tex"
File: pgfcoretransformations.code.tex 2020/01/08 v3.1.5b (3.1.5b)
\pgf@pt@x=\dimen199
\pgf@pt@y=\dimen256
\pgf@pt@temp=\dimen257
) ("C:\Users\kxurs\AppData\Local\Programs\MiKTeX 2.9\tex/generic/pgf/basiclayer\pgfcorequick.code.tex"
File: pgfcorequick.code.tex 2020/01/08 v3.1.5b (3.1.5b)
) ("C:\Users\kxurs\AppData\Local\Programs\MiKTeX 2.9\tex/generic/pgf/basiclayer\pgfcoreobjects.code.tex"
File: pgfcoreobjects.code.tex 2020/01/08 v3.1.5b (3.1.5b)
) ("C:\Users\kxurs\AppData\Local\Programs\MiKTeX 2.9\tex/generic/pgf/basiclayer\pgfcorepathprocessing.code.tex"
File: pgfcorepathprocessing.code.tex 2020/01/08 v3.1.5b (3.1.5b)
) ("C:\Users\kxurs\AppData\Local\Programs\MiKTeX 2.9\tex/generic/pgf/basiclayer\pgfcorearrows.code.tex"
File: pgfcorearrows.code.tex 2020/01/08 v3.1.5b (3.1.5b)
\pgfarrowsep=\dimen258
) ("C:\Users\kxurs\AppData\Local\Programs\MiKTeX 2.9\tex/generic/pgf/basiclayer\pgfcoreshade.code.tex"
File: pgfcoreshade.code.tex 2020/01/08 v3.1.5b (3.1.5b)
\pgf@max=\dimen259
\pgf@sys@shading@range@num=\count274
\pgf@shadingcount=\count275
) ("C:\Users\kxurs\AppData\Local\Programs\MiKTeX 2.9\tex/generic/pgf/basiclayer\pgfcoreimage.code.tex"
File: pgfcoreimage.code.tex 2020/01/08 v3.1.5b (3.1.5b)
 ("C:\Users\kxurs\AppData\Local\Programs\MiKTeX 2.9\tex/generic/pgf/basiclayer\pgfcoreexternal.code.tex"
File: pgfcoreexternal.code.tex 2020/01/08 v3.1.5b (3.1.5b)
\pgfexternal@startupbox=\box56
)) ("C:\Users\kxurs\AppData\Local\Programs\MiKTeX 2.9\tex/generic/pgf/basiclayer\pgfcorelayers.code.tex"
File: pgfcorelayers.code.tex 2020/01/08 v3.1.5b (3.1.5b)
) ("C:\Users\kxurs\AppData\Local\Programs\MiKTeX 2.9\tex/generic/pgf/basiclayer\pgfcoretransparency.code.tex"
File: pgfcoretransparency.code.tex 2020/01/08 v3.1.5b (3.1.5b)
) ("C:\Users\kxurs\AppData\Local\Programs\MiKTeX 2.9\tex/generic/pgf/basiclayer\pgfcorepatterns.code.tex"
File: pgfcorepatterns.code.tex 2020/01/08 v3.1.5b (3.1.5b)
) ("C:\Users\kxurs\AppData\Local\Programs\MiKTeX 2.9\tex/generic/pgf/basiclayer\pgfcorerdf.code.tex"
File: pgfcorerdf.code.tex 2020/01/08 v3.1.5b (3.1.5b)
))) ("C:\Users\kxurs\AppData\Local\Programs\MiKTeX 2.9\tex/generic/pgf/modules\pgfmoduleshapes.code.tex"
File: pgfmoduleshapes.code.tex 2020/01/08 v3.1.5b (3.1.5b)
\pgfnodeparttextbox=\box57
) ("C:\Users\kxurs\AppData\Local\Programs\MiKTeX 2.9\tex/generic/pgf/modules\pgfmoduleplot.code.tex"
File: pgfmoduleplot.code.tex 2020/01/08 v3.1.5b (3.1.5b)
) ("C:\Users\kxurs\AppData\Local\Programs\MiKTeX 2.9\tex/latex/pgf/compatibility\pgfcomp-version-0-65.sty"
Package: pgfcomp-version-0-65 2020/01/08 v3.1.5b (3.1.5b)
\pgf@nodesepstart=\dimen260
\pgf@nodesepend=\dimen261
) ("C:\Users\kxurs\AppData\Local\Programs\MiKTeX 2.9\tex/latex/pgf/compatibility\pgfcomp-version-1-18.sty"
Package: pgfcomp-version-1-18 2020/01/08 v3.1.5b (3.1.5b)
)) ("C:\Users\kxurs\AppData\Local\Programs\MiKTeX 2.9\tex/latex/pgf/utilities\pgffor.sty" ("C:\Users\kxurs\AppData\Local\Programs\MiKTeX 2.9\tex/latex/pgf/utilities\pgfkeys.sty" ("C:\Users\kxurs\AppData\Local\Programs\MiKTeX 2.9\tex/generic/pgf/utilities\pgfkeys.code.tex")) ("C:\Users\kxurs\AppData\Local\Programs\MiKTeX 2.9\tex/latex/pgf/math\pgfmath.sty" ("C:\Users\kxurs\AppData\Local\Programs\MiKTeX 2.9\tex/generic/pgf/math\pgfmath.code.tex")) ("C:\Users\kxurs\AppData\Local\Programs\MiKTeX 2.9\tex/generic/pgf/utilities\pgffor.code.tex"
Package: pgffor 2020/01/08 v3.1.5b (3.1.5b)
 ("C:\Users\kxurs\AppData\Local\Programs\MiKTeX 2.9\tex/generic/pgf/math\pgfmath.code.tex")
\pgffor@iter=\dimen262
\pgffor@skip=\dimen263
\pgffor@stack=\toks37
\pgffor@toks=\toks38
)) ("C:\Users\kxurs\AppData\Local\Programs\MiKTeX 2.9\tex/generic/pgf/frontendlayer/tikz\tikz.code.tex"
Package: tikz 2020/01/08 v3.1.5b (3.1.5b)
 ("C:\Users\kxurs\AppData\Local\Programs\MiKTeX 2.9\tex/generic/pgf/libraries\pgflibraryplothandlers.code.tex"
File: pgflibraryplothandlers.code.tex 2020/01/08 v3.1.5b (3.1.5b)
\pgf@plot@mark@count=\count276
\pgfplotmarksize=\dimen264
)
\tikz@lastx=\dimen265
\tikz@lasty=\dimen266
\tikz@lastxsaved=\dimen267
\tikz@lastysaved=\dimen268
\tikz@lastmovetox=\dimen269
\tikz@lastmovetoy=\dimen270
\tikzleveldistance=\dimen271
\tikzsiblingdistance=\dimen272
\tikz@figbox=\box58
\tikz@figbox@bg=\box59
\tikz@tempbox=\box60
\tikz@tempbox@bg=\box61
\tikztreelevel=\count277
\tikznumberofchildren=\count278
\tikznumberofcurrentchild=\count279
\tikz@fig@count=\count280
 ("C:\Users\kxurs\AppData\Local\Programs\MiKTeX 2.9\tex/generic/pgf/modules\pgfmodulematrix.code.tex"
File: pgfmodulematrix.code.tex 2020/01/08 v3.1.5b (3.1.5b)
\pgfmatrixcurrentrow=\count281
\pgfmatrixcurrentcolumn=\count282
\pgf@matrix@numberofcolumns=\count283
)
\tikz@expandcount=\count284
 ("C:\Users\kxurs\AppData\Local\Programs\MiKTeX 2.9\tex/generic/pgf/frontendlayer/tikz/libraries\tikzlibrarytopaths.code.tex"
File: tikzlibrarytopaths.code.tex 2020/01/08 v3.1.5b (3.1.5b)
))) ("C:\Users\kxurs\AppData\Local\Programs\MiKTeX 2.9\tex/latex/pgfplots\pgfplots.sty" ("C:\Users\kxurs\AppData\Local\Programs\MiKTeX 2.9\tex/generic/pgfplots\pgfplots.revision.tex")
Package: pgfplots 2020/02/29 v1.17 Data Visualization (1.17)
 ("C:\Users\kxurs\AppData\Local\Programs\MiKTeX 2.9\tex/generic/pgfplots\pgfplots.code.tex" ("C:\Users\kxurs\AppData\Local\Programs\MiKTeX 2.9\tex/generic/pgfplots\pgfplotscore.code.tex"
\t@pgfplots@toka=\toks39
\t@pgfplots@tokb=\toks40
\t@pgfplots@tokc=\toks41
\pgfplots@tmpa=\dimen273
\c@pgfplots@coordindex=\count285
\c@pgfplots@scanlineindex=\count286
 ("C:\Users\kxurs\AppData\Local\Programs\MiKTeX 2.9\tex/generic/pgfplots/sys\pgfplotssysgeneric.code.tex")) ("C:\Users\kxurs\AppData\Local\Programs\MiKTeX 2.9\tex/generic/pgfplots/libs\pgfplotslibrary.code.tex") ("C:\Users\kxurs\AppData\Local\Programs\MiKTeX 2.9\tex/generic/pgfplots/oldpgfcompatib\pgfplotsoldpgfsupp_loader.code.tex" ("C:\Users\kxurs\AppData\Local\Programs\MiKTeX 2.9\tex/generic/pgf/libraries\pgflibraryfpu.code.tex")) ("C:\Users\kxurs\AppData\Local\Programs\MiKTeX 2.9\tex/generic/pgfplots/util\pgfplotsutil.code.tex" ("C:\Users\kxurs\AppData\Local\Programs\MiKTeX 2.9\tex/generic/pgfplots/liststructure\pgfplotsliststructure.code.tex") ("C:\Users\kxurs\AppData\Local\Programs\MiKTeX 2.9\tex/generic/pgfplots/liststructure\pgfplotsliststructureext.code.tex") ("C:\Users\kxurs\AppData\Local\Programs\MiKTeX 2.9\tex/generic/pgfplots/liststructure\pgfplotsarray.code.tex"
\c@pgfplotsarray@tmp=\count287
) ("C:\Users\kxurs\AppData\Local\Programs\MiKTeX 2.9\tex/generic/pgfplots/liststructure\pgfplotsmatrix.code.tex") ("C:\Users\kxurs\AppData\Local\Programs\MiKTeX 2.9\tex/generic/pgfplots/numtable\pgfplotstableshared.code.tex"
\c@pgfplotstable@counta=\count288
\t@pgfplotstable@a=\toks42
) ("C:\Users\kxurs\AppData\Local\Programs\MiKTeX 2.9\tex/generic/pgfplots/liststructure\pgfplotsdeque.code.tex")
("C:\Users\kxurs\AppData\Local\Programs\MiKTeX 2.9\tex/generic/pgfplots/util\pgfplotsbinary.code.tex" ("C:\Users\kxurs\AppData\Local\Programs\MiKTeX 2.9\tex/generic/pgfplots/util\pgfplotsbinary.data.code.tex")) ("C:\Users\kxurs\AppData\Local\Programs\MiKTeX 2.9\tex/generic/pgfplots/util\pgfplotsutil.verb.code.tex") ("C:\Users\kxurs\AppData\Local\Programs\MiKTeX 2.9\tex/generic/pgfplots/libs\pgflibrarypgfplots.surfshading.code.tex"
\c@pgfplotslibrarysurf@no=\count289
 ("C:\Users\kxurs\AppData\Local\Programs\MiKTeX 2.9\tex/generic/pgfplots/sys\pgflibrarypgfplots.surfshading.pgfsys-pdftex.def"))) ("C:\Users\kxurs\AppData\Local\Programs\MiKTeX 2.9\tex/generic/pgfplots/util\pgfplotscolormap.code.tex" ("C:\Users\kxurs\AppData\Local\Programs\MiKTeX 2.9\tex/generic/pgfplots/util\pgfplotscolor.code.tex")) ("C:\Users\kxurs\AppData\Local\Programs\MiKTeX 2.9\tex/generic/pgfplots\pgfplotsstackedplots.code.tex") ("C:\Users\kxurs\AppData\Local\Programs\MiKTeX 2.9\tex/generic/pgfplots\pgfplotsplothandlers.code.tex" ("C:\Users\kxurs\AppData\Local\Programs\MiKTeX 2.9\tex/generic/pgfplots\pgfplotsmeshplothandler.code.tex" ("C:\Users\kxurs\AppData\Local\Programs\MiKTeX 2.9\tex/generic/pgfplots\pgfplotsmeshplotimage.code.tex"))) ("C:\Users\kxurs\AppData\Local\Programs\MiKTeX 2.9\tex/generic/pgfplots\pgfplots.scaling.code.tex") ("C:\Users\kxurs\AppData\Local\Programs\MiKTeX 2.9\tex/generic/pgfplots\pgfplotscoordprocessing.code.tex") ("C:\Users\kxurs\AppData\Local\Programs\MiKTeX 2.9\tex/generic/pgfplots\pgfplots.errorbars.code.tex") ("C:\Users\kxurs\AppData\Local\Programs\MiKTeX 2.9\tex/generic/pgfplots\pgfplots.markers.code.tex") ("C:\Users\kxurs\AppData\Local\Programs\MiKTeX 2.9\tex/generic/pgfplots\pgfplotsticks.code.tex") ("C:\Users\kxurs\AppData\Local\Programs\MiKTeX 2.9\tex/generic/pgfplots\pgfplots.paths.code.tex") ("C:\Users\kxurs\AppData\Local\Programs\MiKTeX 2.9\tex/generic/pgf/frontendlayer/tikz/libraries\tikzlibrarydecorations.code.tex" ("C:\Users\kxurs\AppData\Local\Programs\MiKTeX 2.9\tex/generic/pgf/modules\pgfmoduledecorations.code.tex"
\pgfdecoratedcompleteddistance=\dimen274
\pgfdecoratedremainingdistance=\dimen275
\pgfdecoratedinputsegmentcompleteddistance=\dimen276
\pgfdecoratedinputsegmentremainingdistance=\dimen277
\pgf@decorate@distancetomove=\dimen278
\pgf@decorate@repeatstate=\count290
\pgfdecorationsegmentamplitude=\dimen279
\pgfdecorationsegmentlength=\dimen280
)
\tikz@lib@dec@box=\box62
) ("C:\Users\kxurs\AppData\Local\Programs\MiKTeX 2.9\tex/generic/pgf/frontendlayer/tikz/libraries\tikzlibrarydecorations.pathmorphing.code.tex" ("C:\Users\kxurs\AppData\Local\Programs\MiKTeX 2.9\tex/generic/pgf/libraries/decorations\pgflibrarydecorations.pathmorphing.code.tex")) ("C:\Users\kxurs\AppData\Local\Programs\MiKTeX 2.9\tex/generic/pgf/frontendlayer/tikz/libraries\tikzlibrarydecorations.pathreplacing.code.tex" ("C:\Users\kxurs\AppData\Local\Programs\MiKTeX 2.9\tex/generic/pgf/libraries/decorations\pgflibrarydecorations.pathreplacing.code.tex"))
\pgfplots@numplots=\count291
\pgfplots@xmin@reg=\dimen281
\pgfplots@xmax@reg=\dimen282
\pgfplots@ymin@reg=\dimen283
\pgfplots@ymax@reg=\dimen284
\pgfplots@zmin@reg=\dimen285
\pgfplots@zmax@reg=\dimen286
) ("C:\Users\kxurs\AppData\Local\Programs\MiKTeX 2.9\tex/generic/pgf/frontendlayer/tikz/libraries\tikzlibraryplotmarks.code.tex"
File: tikzlibraryplotmarks.code.tex 2020/01/08 v3.1.5b (3.1.5b)
 ("C:\Users\kxurs\AppData\Local\Programs\MiKTeX 2.9\tex/generic/pgf/libraries\pgflibraryplotmarks.code.tex"
File: pgflibraryplotmarks.code.tex 2020/01/08 v3.1.5b (3.1.5b)
))) ("C:\Users\kxurs\AppData\Local\Programs\MiKTeX 2.9\tex/latex/fancyref\fancyref.sty"
Package: fancyref 1999/02/03 v0.9c Fancy cross-referencing
 ("C:\Users\kxurs\AppData\Local\Programs\MiKTeX 2.9\tex/latex/tools\varioref.sty"
Package: varioref 2020/01/23 v1.6c package for extended references (FMi)
\c@vrcnt=\count292
)) ("C:\Users\kxurs\AppData\Local\Programs\MiKTeX 2.9\tex/latex/fancyhdr\fancyhdr.sty"
Package: fancyhdr 2019/01/31 v3.10 Extensive control of page headers and footers
\f@nch@headwidth=\skip56
\f@nch@O@elh=\skip57
\f@nch@O@erh=\skip58
\f@nch@O@olh=\skip59
\f@nch@O@orh=\skip60
\f@nch@O@elf=\skip61
\f@nch@O@erf=\skip62
\f@nch@O@olf=\skip63
\f@nch@O@orf=\skip64
) ("C:\Users\kxurs\AppData\Local\Programs\MiKTeX 2.9\tex/latex/secdot\secdot.sty"
Package: secdot 2000/06/20 v1.0 section numbers with dots
) ("C:\Users\kxurs\AppData\Local\Programs\MiKTeX 2.9\tex/latex/caption\caption.sty"
Package: caption 2020/09/12 v3.5b Customizing captions (AR)
 ("C:\Users\kxurs\AppData\Local\Programs\MiKTeX 2.9\tex/latex/caption\caption3.sty"
Package: caption3 2020/09/17 v2.1b caption3 kernel (AR)
\captionmargin=\dimen287
\captionmargin@=\dimen288
\captionwidth=\dimen289
\caption@tempdima=\dimen290
\caption@indent=\dimen291
\caption@parindent=\dimen292
\caption@hangindent=\dimen293
Package caption Info: Standard document class detected.
)
\c@caption@flags=\count293
\c@continuedfloat=\count294
Package caption Info: float package is loaded.
Package caption Info: wrapfig package is loaded.
) ("C:\Users\kxurs\AppData\Local\Programs\MiKTeX 2.9\tex/latex/enumitem\enumitem.sty"
Package: enumitem 2019/06/20 v3.9 Customized lists
\labelindent=\skip65
\enit@outerparindent=\dimen294
\enit@toks=\toks43
\enit@inbox=\box63
\enit@count@id=\count295
\enitdp@description=\count296
) ("C:\Users\kxurs\AppData\Local\Programs\MiKTeX 2.9\tex/latex/booktabs\booktabs.sty"
Package: booktabs 2020/01/12 v1.61803398 Publication quality tables
\heavyrulewidth=\dimen295
\lightrulewidth=\dimen296
\cmidrulewidth=\dimen297
\belowrulesep=\dimen298
\belowbottomsep=\dimen299
\aboverulesep=\dimen300
\abovetopsep=\dimen301
\cmidrulesep=\dimen302
\cmidrulekern=\dimen303
\defaultaddspace=\dimen304
\@cmidla=\count297
\@cmidlb=\count298
\@aboverulesep=\dimen305
\@belowrulesep=\dimen306
\@thisruleclass=\count299
\@lastruleclass=\count300
\@thisrulewidth=\dimen307
) ("C:\Users\kxurs\AppData\Local\Programs\MiKTeX 2.9\tex/latex/tools\array.sty"
Package: array 2019/08/31 v2.4l Tabular extension package (FMi)
\col@sep=\dimen308
\ar@mcellbox=\box64
\extrarowheight=\dimen309
\NC@list=\toks44
\extratabsurround=\skip66
\backup@length=\skip67
\ar@cellbox=\box65
)) ("C:\Users\kxurs\AppData\Local\Programs\MiKTeX 2.9\tex/latex/multirow\multirow.sty"
Package: multirow 2019/05/31 v2.5 Span multiple rows of a table
\multirow@colwidth=\skip68
\multirow@cntb=\count301
\multirow@dima=\skip69
\bigstrutjot=\dimen310
) ("C:\Users\kxurs\AppData\Local\Programs\MiKTeX 2.9\tex/latex/tools\tabularx.sty"
Package: tabularx 2020/01/15 v2.11c `tabularx' package (DPC)
\TX@col@width=\dimen311
\TX@old@table=\dimen312
\TX@old@col=\dimen313
\TX@target=\dimen314
\TX@delta=\dimen315
\TX@cols=\count302
\TX@ftn=\toks45
) ("C:\Users\kxurs\AppData\Local\Programs\MiKTeX 2.9\tex/latex/tabulary\tabulary.sty"
Package: tabulary 2014/06/11 v0.10 tabulary package (DPC)
\TY@count=\count303
\TY@linewidth=\dimen316
\tymin=\dimen317
\tymax=\dimen318
\TY@tablewidth=\dimen319
) ("C:\Users\kxurs\AppData\Local\Programs\MiKTeX 2.9\tex/latex/tools\longtable.sty"
Package: longtable 2020/01/07 v4.13 Multi-page Table package (DPC)
\LTleft=\skip70
\LTright=\skip71
\LTpre=\skip72
\LTpost=\skip73
\LTchunksize=\count304
\LTcapwidth=\dimen320
\LT@head=\box66
\LT@firsthead=\box67
\LT@foot=\box68
\LT@lastfoot=\box69
\LT@cols=\count305
\LT@rows=\count306
\c@LT@tables=\count307
\c@LT@chunks=\count308
\LT@p@ftn=\toks46
) ("C:\Users\kxurs\AppData\Local\Programs\MiKTeX 2.9\tex/latex/l3backend\l3backend-pdfmode.def"
File: l3backend-pdfmode.def 2020-03-12 L3 backend support: PDF mode
\l__kernel_color_stack_int=\count309
\l__pdf_internal_box=\box70
) (c:/Users\kxurs\Desktop\Документы\Latex\Gen_Phys_Lab\4.2\4.2.aux
LaTeX Font Info:    Trying to load font information for T2A+cmr on input line 5.
 ("C:\Users\kxurs\AppData\Local\Programs\MiKTeX 2.9\tex/latex/cyrillic\t2acmr.fd"
File: t2acmr.fd 2001/08/11 v1.0a Computer Modern Cyrillic font definitions
))
\openout1 = `4.2.aux'.

LaTeX Font Info:    Checking defaults for OML/cmm/m/it on input line 25.
LaTeX Font Info:    ... okay on input line 25.
LaTeX Font Info:    Checking defaults for OMS/cmsy/m/n on input line 25.
LaTeX Font Info:    ... okay on input line 25.
LaTeX Font Info:    Checking defaults for OT1/cmr/m/n on input line 25.
LaTeX Font Info:    ... okay on input line 25.
LaTeX Font Info:    Checking defaults for T1/cmr/m/n on input line 25.
LaTeX Font Info:    ... okay on input line 25.
LaTeX Font Info:    Checking defaults for TS1/cmr/m/n on input line 25.
LaTeX Font Info:    ... okay on input line 25.
LaTeX Font Info:    Checking defaults for OMX/cmex/m/n on input line 25.
LaTeX Font Info:    ... okay on input line 25.
LaTeX Font Info:    Checking defaults for U/cmr/m/n on input line 25.
LaTeX Font Info:    ... okay on input line 25.
LaTeX Font Info:    Checking defaults for T2A/cmr/m/n on input line 25.
LaTeX Font Info:    ... okay on input line 25.

*geometry* driver: auto-detecting
*geometry* detected driver: pdftex
*geometry* verbose mode - [ preamble ] result:
* driver: pdftex
* paper: <default>
* layout: <same size as paper>
* layoutoffset:(h,v)=(0.0pt,0.0pt)
* modes: includefoot 
* h-part:(L,W,R)=(42.67912pt, 512.14963pt, 42.67912pt)
* v-part:(T,H,B)=(56.9055pt, 752.57541pt, 35.56593pt)
* \paperwidth=597.50787pt
* \paperheight=845.04684pt
* \textwidth=512.14963pt
* \textheight=717.00948pt
* \oddsidemargin=-29.59087pt
* \evensidemargin=-29.59087pt
* \topmargin=-52.36449pt
* \headheight=12.0pt
* \headsep=25.0pt
* \topskip=12.0pt
* \footskip=35.56593pt
* \marginparwidth=35.0pt
* \marginparsep=10.0pt
* \columnsep=10.0pt
* \skip\footins=10.8pt plus 4.0pt minus 2.0pt
* \hoffset=0.0pt
* \voffset=0.0pt
* \mag=1000
* \@twocolumnfalse
* \@twosidefalse
* \@mparswitchfalse
* \@reversemarginfalse
* (1in=72.27pt=25.4mm, 1cm=28.453pt)

("C:\Users\kxurs\AppData\Local\Programs\MiKTeX 2.9\tex/context/base/mkii\supp-pdf.mkii"
[Loading MPS to PDF converter (version 2006.09.02).]
\scratchcounter=\count310
\scratchdimen=\dimen321
\scratchbox=\box71
\nofMPsegments=\count311
\nofMParguments=\count312
\everyMPshowfont=\toks47
\MPscratchCnt=\count313
\MPscratchDim=\dimen322
\MPnumerator=\count314
\makeMPintoPDFobject=\count315
\everyMPtoPDFconversion=\toks48
) ("C:\Users\kxurs\AppData\Local\Programs\MiKTeX 2.9\tex/latex/epstopdf-pkg\epstopdf-base.sty"
Package: epstopdf-base 2020-01-24 v2.11 Base part for package epstopdf
Package epstopdf-base Info: Redefining graphics rule for `.eps' on input line 485.
) ABD: EveryShipout initializing macros
Package pgfplots notification 'compat/show suggested version=true': document has been generated with the most recent feature set (\pgfplotsset{compat=1.17}).

Package caption Info: Begin \AtBeginDocument code.
Package caption Info: longtable package is loaded.
("C:\Users\kxurs\AppData\Local\Programs\MiKTeX 2.9\tex/latex/caption\ltcaption.sty"
Package: ltcaption 2020/05/30 v1.4b longtable captions (AR)
)
Package caption Info: End \AtBeginDocument code.
LaTeX Font Info:    Trying to load font information for OML+cmr on input line 27.
 ("C:\Users\kxurs\AppData\Local\Programs\MiKTeX 2.9\tex/latex/base\omlcmr.fd"
File: omlcmr.fd 2019/12/16 v2.5j Standard LaTeX font definitions
)

LaTeX Font Warning: Font shape `OML/cmr/m/up' undefined
(Font)              using `OML/cmr/m/it' instead on input line 27.

LaTeX Font Info:    Font shape `OML/cmr/m/it' in size <20.74> not available
(Font)              Font shape `OML/cmm/m/it' tried instead on input line 27.
LaTeX Font Info:    Font shape `OML/cmr/m/up' in size <14.4> not available
(Font)              Font shape `OML/cmm/m/it' tried instead on input line 27.
LaTeX Font Info:    Font shape `OML/cmr/m/up' in size <12> not available
(Font)              Font shape `OML/cmm/m/it' tried instead on input line 27.
LaTeX Font Info:    Trying to load font information for OMS+cmr on input line 27.
("C:\Users\kxurs\AppData\Local\Programs\MiKTeX 2.9\tex/latex/base\omscmr.fd"
File: omscmr.fd 2019/12/16 v2.5j Standard LaTeX font definitions
)

LaTeX Font Warning: Font shape `OMS/cmr/m/up' undefined
(Font)              using `OMS/cmr/m/n' instead on input line 27.

LaTeX Font Info:    Font shape `OMS/cmr/m/n' in size <20.74> not available
(Font)              Font shape `OMS/cmsy/m/n' tried instead on input line 27.
LaTeX Font Info:    Font shape `OMS/cmr/m/up' in size <14.4> not available
(Font)              Font shape `OMS/cmsy/m/n' tried instead on input line 27.
LaTeX Font Info:    Font shape `OMS/cmr/m/up' in size <12> not available
(Font)              Font shape `OMS/cmsy/m/n' tried instead on input line 27.
LaTeX Font Info:    Trying to load font information for U+msa on input line 27.
("C:\Users\kxurs\AppData\Local\Programs\MiKTeX 2.9\tex/latex/amsfonts\umsa.fd"
File: umsa.fd 2013/01/14 v3.01 AMS symbols A
)
LaTeX Font Info:    Trying to load font information for U+msb on input line 27.
 ("C:\Users\kxurs\AppData\Local\Programs\MiKTeX 2.9\tex/latex/amsfonts\umsb.fd"
File: umsb.fd 2013/01/14 v3.01 AMS symbols B
)
LaTeX Font Info:    Trying to load font information for U+rsfs on input line 27.
 ("C:\Users\kxurs\AppData\Local\Programs\MiKTeX 2.9\tex/latex/jknappen\ursfs.fd"
File: ursfs.fd 1998/03/24 rsfs font definition file (jk)
)

LaTeX Font Warning: Font shape `T2A/cmr/m/up' undefined
(Font)              using `T2A/cmr/m/n' instead on input line 27.

LaTeX Font Info:    Font shape `OML/cmr/m/up' in size <10> not available
(Font)              Font shape `OML/cmm/m/it' tried instead on input line 27.
LaTeX Font Info:    Font shape `OML/cmr/m/up' in size <7> not available
(Font)              Font shape `OML/cmm/m/it' tried instead on input line 27.
LaTeX Font Info:    Font shape `OMS/cmr/m/up' in size <10> not available
(Font)              Font shape `OMS/cmsy/m/n' tried instead on input line 27.
LaTeX Font Info:    Font shape `OMS/cmr/m/up' in size <7> not available
(Font)              Font shape `OMS/cmsy/m/n' tried instead on input line 27.
LaTeX Font Info:    Font shape `OML/cmr/m/up' in size <8> not available
(Font)              Font shape `OML/cmm/m/it' tried instead on input line 30.
LaTeX Font Info:    Font shape `OML/cmr/m/up' in size <6> not available
(Font)              Font shape `OML/cmm/m/it' tried instead on input line 30.
LaTeX Font Info:    Font shape `OMS/cmr/m/up' in size <8> not available
(Font)              Font shape `OMS/cmsy/m/n' tried instead on input line 30.
LaTeX Font Info:    Font shape `OMS/cmr/m/up' in size <6> not available
(Font)              Font shape `OMS/cmsy/m/n' tried instead on input line 30.

Overfull \hbox (19.73337pt too wide) in paragraph at lines 43--82
 [] 
 []


LaTeX Warning: `!h' float specifier changed to `!ht'.

[1

{C:/Users/kxurs/AppData/Local/MiKTeX/2.9/pdftex/config/pdftex.map}]

LaTeX Warning: Text page 2 contains only floats.


Package Fancyhdr Warning: \headheight is too small (12.0pt): 
Make it at least 14.49998pt.
We now make it that large for the rest of the document.
This may cause the page layout to be inconsistent, however.

LaTeX Font Info:    Trying to load font information for T2A+cmtt on input line 109.
("C:\Users\kxurs\AppData\Local\Programs\MiKTeX 2.9\tex/latex/cyrillic\t2acmtt.fd"
File: t2acmtt.fd 2001/08/11 v1.0a Computer Modern Cyrillic font definitions
) [2]

LaTeX Warning: Reference `k' on page 3 undefined on input line 123.

<graf.pdf, id=27, 1003.75pt x 593.21625pt>
File: graf.pdf Graphic file (type pdf)
<use graf.pdf>
Package pdftex.def Info: graf.pdf  used on input line 131.
(pdftex.def)             Requested size: 471.76257pt x 278.81168pt.
[3 <c:/Users/kxurs/Desktop/Документы/Latex/Gen_Phys_Lab/4.2/graf.pdf>]
<kk.pdf, id=98, 1003.75pt x 614.295pt>
File: kk.pdf Graphic file (type pdf)
<use kk.pdf>
Package pdftex.def Info: kk.pdf  used on input line 169.
(pdftex.def)             Requested size: 471.76257pt x 288.71869pt.
 [4] [5 <c:/Users/kxurs/Desktop/Документы/Latex/Gen_Phys_Lab/4.2/kk.pdf>] (c:/Users\kxurs\Desktop\Документы\Latex\Gen_Phys_Lab\4.2\4.2.aux)

LaTeX Font Warning: Some font shapes were not available, defaults substituted.


LaTeX Warning: There were undefined references.

 ) 
Here is how much of TeX's memory you used:
 28248 strings out of 480931
 682715 string characters out of 2899796
 1039974 words of memory out of 3000000
 43588 multiletter control sequences out of 15000+200000
 551532 words of font info for 78 fonts, out of 3000000 for 9000
 1141 hyphenation exceptions out of 8191
 87i,12n,140p,823b,609s stack positions out of 5000i,500n,10000p,200000b,50000s
 <C:\Users\kxurs\AppData\Local\MiKTeX\2.9\fonts/pk/ljfour/lh/lh-t2a/dpi600\labx1200.pk> <C:\Users\kxurs\AppData\Local\MiKTeX\2.9\fonts/pk/ljfour/lh/lh-t2a/dpi600\latt1200.pk> <C:\Users\kxurs\AppData\Local\MiKTeX\2.9\fonts/pk/ljfour/lh/lh-t2a/dpi600\larm0600.pk> <C:\Users\kxurs\AppData\Local\MiKTeX\2.9\fonts/pk/ljfour/lh/lh-t2a/dpi600\larm0800.pk> <C:\Users\kxurs\AppData\Local\MiKTeX\2.9\fonts/pk/ljfour/lh/lh-t2a/dpi600\lati1200.pk> <C:\Users\kxurs\AppData\Local\MiKTeX\2.9\fonts/pk/ljfour/lh/lh-t2a/dpi600\larm1200.pk> <C:\Users\kxurs\AppData\Local\MiKTeX\2.9\fonts/pk/ljfour/lh/lh-t2a/dpi600\labx1728.pk> <C:\Users\kxurs\AppData\Local\MiKTeX\2.9\fonts/pk/ljfour/lh/lh-t2a/dpi600\larm1440.pk> <C:\Users\kxurs\AppData\Local\MiKTeX\2.9\fonts/pk/ljfour/lh/lh-t2a/dpi600\larm2074.pk><C:/Users/kxurs/AppData/Local/Programs/MiKTeX 2.9/fonts/type1/public/amsfonts/cm/cmex10.pfb><C:/Users/kxurs/AppData/Local/Programs/MiKTeX 2.9/fonts/type1/public/amsfonts/cm/cmmi12.pfb><C:/Users/kxurs/AppData/Local/Programs/MiKTeX 2.9/fonts/type1/public/amsfonts/cm/cmmi8.pfb><C:/Users/kxurs/AppData/Local/Programs/MiKTeX 2.9/fonts/type1/public/amsfonts/cm/cmr12.pfb><C:/Users/kxurs/AppData/Local/Programs/MiKTeX 2.9/fonts/type1/public/amsfonts/cm/cmr6.pfb><C:/Users/kxurs/AppData/Local/Programs/MiKTeX 2.9/fonts/type1/public/amsfonts/cm/cmr8.pfb><C:/Users/kxurs/AppData/Local/Programs/MiKTeX 2.9/fonts/type1/public/amsfonts/cm/cmsy10.pfb><C:/Users/kxurs/AppData/Local/Programs/MiKTeX 2.9/fonts/type1/public/amsfonts/cm/cmsy6.pfb><C:/Users/kxurs/AppData/Local/Programs/MiKTeX 2.9/fonts/type1/public/amsfonts/cm/cmsy8.pfb><C:/Users/kxurs/AppData/Local/Programs/MiKTeX 2.9/fonts/type1/public/amsfonts/symbols/msam10.pfb>
Output written on c:/Users\kxurs\Desktop\Документы\Latex\Gen_Phys_Lab\4.2\4.2.pdf (5 pages, 289183 bytes).
PDF statistics:
 392 PDF objects out of 1000 (max. 8388607)
 0 named destinations out of 1000 (max. 500000)
 23 words of extra memory for PDF output out of 10000 (max. 10000000)

